2025-04-17 20:43:27 - INFO - [ SERVER API ][ Connecting to database and starting API...]
2025-04-17 20:46:28 - INFO - [ SERVER API ][ Connecting to database and starting API...]
2025-04-17 20:47:50 - INFO - [ SERVER API ][ Connecting to database and starting API...]
2025-04-17 20:51:39 - INFO - [ SERVER API ][ Connecting to database and starting API...]
2025-04-17 20:56:47 - INFO - [ SERVER API ][ Connecting to database and starting API...]
2025-04-17 20:57:05 - ERROR - [ SERVER API ][ Error adding post: Invalid document {'uuid': 'uuid-002', 'post_link': 'https://www.facebook.com/user/posts/987654321', 'comments': [], 'analyses': [Analysis(model='modelA', result={'sentiment': 'neutral', 'keywords': ['launch', 'product']})], '_id': ObjectId('680140f14dd47868708db70b')} | cannot encode object: Analysis(model='modelA', result={'sentiment': 'neutral', 'keywords': ['launch', 'product']}), of type: <class 'database.posts.Analysis'> ]
2025-04-17 20:57:19 - INFO - [ SERVER API ][ Post added successfully: 680140fd4dd47868708db70c ]
2025-04-17 20:57:28 - ERROR - [ SERVER API ][ Error adding post: Invalid document {'uuid': 'uuid-002', 'post_link': 'https://www.tiktok.com/@anotheruser/video/192837465', 'comments': ['Love this dance!', 'How do you do it?', 'Saved!'], 'analyses': [Analysis(model='modelB', result={'sentiment': 'positive', 'confidence': 0.92})], '_id': ObjectId('680141084dd47868708db70d')} | cannot encode object: Analysis(model='modelB', result={'sentiment': 'positive', 'confidence': 0.92}), of type: <class 'database.posts.Analysis'> ]
2025-04-17 20:57:50 - INFO - [ SERVER API ][ Fetching post history for uuid: uuid-002 ]
2025-04-17 20:57:50 - INFO - [ SERVER API ][ Found 0 posts with analyses for uuid: uuid-002 ]
2025-04-17 20:59:04 - INFO - [ SERVER API ][ Fetching post history for uuid: uuid-002 ]
2025-04-17 20:59:05 - INFO - [ SERVER API ][ Found 0 posts with analyses for uuid: uuid-002 ]
2025-04-17 21:04:42 - INFO - [ SERVER API ][ Connecting to database and starting API...]
2025-04-17 21:06:20 - INFO - [ SERVER API ][ Post added successfully: 68014319a758f6dc44baa73b ]
2025-04-17 21:06:52 - INFO - [ SERVER API ][ Post added successfully: 6801433ba758f6dc44baa73c ]
2025-04-17 21:07:00 - INFO - [ SERVER API ][ Fetching post history for uuid: uuid-002 ]
2025-04-17 21:07:00 - INFO - [ SERVER API ][ Found 2 posts with analyses for uuid: uuid-002 ]
2025-04-17 21:09:42 - INFO - [ SERVER API ][ Connecting to database and starting API...]
2025-04-17 21:10:14 - INFO - [ SERVER API ][ Post added successfully: 68014401983afa409cba77dd ]
2025-04-17 21:11:19 - WARNING - [ SERVER API ][ Analysis model not found: modelB ]
2025-04-17 21:11:19 - ERROR - [ SERVER API ][ Error deleting post or analysis: 404: Analysis model not found ]
2025-04-17 21:13:03 - WARNING - [ SERVER API ][ Analysis model not found: modelB ]
2025-04-17 21:13:03 - ERROR - [ SERVER API ][ Error deleting post or analysis: 404: Analysis model not found ]
2025-04-17 21:13:04 - INFO - [ SERVER API ][ Connecting to database and starting API...]
2025-04-17 21:13:12 - INFO - [ SERVER API ][ Post and analysis deleted: 6801433ba758f6dc44baa73c ]
2025-04-17 21:41:55 - INFO - [ SERVER API ][ Connecting to database and starting API...]
2025-04-17 21:45:30 - INFO - [ SERVER API ][ Received analysis request: uuid=uuid-001, link=https://www.tiktok.com/@user/video/1234567890, model=modelA ]
2025-04-17 21:45:30 - INFO - [ SERVER API ][ Post exists, sending data to Preprocessor for model: modelA ]
2025-04-17 21:45:30 - INFO - [ SERVER API ][ Preprocessing Payload: {'uuid': 'uuid-001', 'model': 'modelA', 'comments': ['\U0001f525\U0001f525\U0001f525', 'Too funny \U0001f602', 'I love this!']} ]
